<?xml version="1.0" encoding="UTF-8"?>
<!-- Generated by org.testng.reporters.JUnitReportReporter -->
<testsuite hostname="DESKTOP-24M7K4D" failures="0" tests="5" name="com.bhim.npci.endtoend.TransactionTest" time="224.445" errors="0" timestamp="2023-07-14T12:25:13 IST" skipped="1">
  <testcase classname="com.bhim.npci.endtoend.TransactionTest" name="payThroughScanner" time="64.667">
    <system-out>
      <![CDATA[payThroughScanner--------TEST SCRIPT EXECUTION STARTED
payThroughScanner--------EXECUTED SUCCESSFULLY]]>
    </system-out>
  </testcase> <!-- payThroughScanner -->
  <testcase classname="com.bhim.npci.endtoend.TransactionTest" name="sendingMoneyToContactAndValidateBalanceTest" time="86.492">
    <system-out>
      <![CDATA[sendingMoneyToContactAndValidateBalanceTest--------TEST SCRIPT EXECUTION STARTED
sendingMoneyToContactAndValidateBalanceTest--------EXECUTED SUCCESSFULLY]]>
    </system-out>
  </testcase> <!-- sendingMoneyToContactAndValidateBalanceTest -->
  <testcase classname="com.bhim.npci.endtoend.TransactionTest" name="enteringWrongPinWhileSendingMoneyTest" time="38.790">
    <system-out>
      <![CDATA[enteringWrongPinWhileSendingMoneyTest--------TEST SCRIPT EXECUTION STARTED
enteringWrongPinWhileSendingMoneyTest--------EXECUTED SUCCESSFULLY]]>
    </system-out>
  </testcase> <!-- enteringWrongPinWhileSendingMoneyTest -->
  <testcase classname="com.bhim.npci.endtoend.TransactionTest" name="sendInvalidAmountTest" time="34.496">
    <system-out>
      <![CDATA[sendInvalidAmountTest--------TEST SCRIPT EXECUTION STARTED
sendInvalidAmountTest--------EXECUTED SUCCESSFULLY]]>
    </system-out>
  </testcase> <!-- sendInvalidAmountTest -->
  <testcase classname="com.bhim.npci.endtoend.TransactionTest" name="viewSatement">
    <skipped/>
  </testcase> <!-- viewSatement -->
  <system-out>
    <![CDATA[enteringWrongPinWhileSendingMoneyTest--------TEST SCRIPT EXECUTION STARTED
enteringWrongPinWhileSendingMoneyTest--------EXECUTED SUCCESSFULLY
payThroughScanner--------TEST SCRIPT EXECUTION STARTED
payThroughScanner--------EXECUTED SUCCESSFULLY
sendInvalidAmountTest--------TEST SCRIPT EXECUTION STARTED
sendInvalidAmountTest--------EXECUTED SUCCESSFULLY
sendingMoneyToContactAndValidateBalanceTest--------TEST SCRIPT EXECUTION STARTED
sendingMoneyToContactAndValidateBalanceTest--------EXECUTED SUCCESSFULLY
checkingBalanceAndVerifyTest--------TEST SCRIPT EXECUTION STARTED
checkingBalanceAndVerifyTest----------EXECUTION SKIPPED
verifyLanguageTest--------TEST SCRIPT EXECUTION STARTED
verifyLanguageTest----------EXECUTION SKIPPED
sendFeedback--------TEST SCRIPT EXECUTION STARTED
sendFeedback----------EXECUTION SKIPPED]]>
  </system-out>
</testsuite> <!-- com.bhim.npci.endtoend.TransactionTest -->
