<?xml version="1.0" encoding="UTF-8"?>
<!-- Generated by org.testng.reporters.JUnitReportReporter -->
<testsuite hostname="DESKTOP-MTCM5KV" failures="0" tests="1" name="com.bhim.npci.endtoend.OpeningAppTest" time="17.027" errors="0" timestamp="2023-07-06T16:19:38 IST" skipped="0">
  <testcase classname="com.bhim.npci.endtoend.OpeningAppTest" name="openingApp" time="17.027"/>
</testsuite> <!-- com.bhim.npci.endtoend.OpeningAppTest -->
